build/app/intermediates/manifest_merge_blame_file/debug/manifest-merger-blame-debug-report.txt
1<?xml version="1.0" encoding="utf-8"?>
2<manifest xmlns:android="http://schemas.android.com/apk/res/android"
3    package="com.example.sabanzuri"
4    android:versionCode="3"
5    android:versionName="1.0.3" >
6
7    <uses-sdk
8        android:minSdkVersion="21"
9        android:targetSdkVersion="33" />
10    <!--
11         Flutter needs it to communicate with the running application
12         to allow setting breakpoints, to provide hot reload, etc.
13    -->
14    <uses-permission android:name="android.permission.INTERNET" />
14-->src/main/AndroidManifest.xml:4:5-67
14-->src/main/AndroidManifest.xml:4:22-64
15    <uses-permission android:name="android.permission.WRITE_EXTERNAL_STORAGE" />
15-->src/main/AndroidManifest.xml:5:5-81
15-->src/main/AndroidManifest.xml:5:22-78
16    <uses-permission android:name="android.permission.READ_EXTERNAL_STORAGE" />
16-->src/main/AndroidManifest.xml:6:5-80
16-->src/main/AndroidManifest.xml:6:22-77
17    <uses-permission android:name="android.permission.SEND_SMS" />
17-->src/main/AndroidManifest.xml:7:5-67
17-->src/main/AndroidManifest.xml:7:22-64
18    <uses-permission android:name="android.permission.CAMERA" />
18-->src/main/AndroidManifest.xml:8:5-64
18-->src/main/AndroidManifest.xml:8:22-62
19
20    <uses-feature android:name="android.hardware.camera" />
20-->src/main/AndroidManifest.xml:9:5-59
20-->src/main/AndroidManifest.xml:9:19-57
21
22    <queries>
22-->[telpoLib_v2.5.20230417.aar] AndroidManifest.xml:12:5-15:15
23        <package android:name="com.common.service" />
23-->[telpoLib_v2.5.20230417.aar] AndroidManifest.xml:13:9-54
23-->[telpoLib_v2.5.20230417.aar] AndroidManifest.xml:13:18-51
24        <package android:name="com.telpo.tps550.api" />
24-->[telpoLib_v2.5.20230417.aar] AndroidManifest.xml:14:9-56
24-->[telpoLib_v2.5.20230417.aar] AndroidManifest.xml:14:18-53
25        <package android:name="com.instagram.android" />
25-->[:flutter_social_content_share] AndroidManifest.xml:10:9-57
25-->[:flutter_social_content_share] AndroidManifest.xml:10:18-54
26        <package android:name="com.whatsapp" />
26-->[:flutter_social_content_share] AndroidManifest.xml:11:9-48
26-->[:flutter_social_content_share] AndroidManifest.xml:11:18-45
27
28        <intent>
28-->[:flutter_downloader] AndroidManifest.xml:11:9-13:18
29            <action android:name="android.intent.action.VIEW" />
29-->[:flutter_downloader] AndroidManifest.xml:12:13-65
29-->[:flutter_downloader] AndroidManifest.xml:12:21-62
30        </intent>
31    </queries>
32
33    <uses-permission android:name="android.permission.SET_TIME" />
33-->[telpoLib_v2.5.20230417.aar] AndroidManifest.xml:17:5-19:47
33-->[telpoLib_v2.5.20230417.aar] AndroidManifest.xml:18:9-51
34    <uses-permission android:name="android.permission.WRITE_SETTINGS" />
34-->[telpoLib_v2.5.20230417.aar] AndroidManifest.xml:20:5-22:47
34-->[telpoLib_v2.5.20230417.aar] AndroidManifest.xml:21:9-57
35    <uses-permission android:name="android.permission.WRITE_SECURE_SETTINGS" />
35-->[telpoLib_v2.5.20230417.aar] AndroidManifest.xml:23:5-25:47
35-->[telpoLib_v2.5.20230417.aar] AndroidManifest.xml:24:9-64
36    <uses-permission android:name="android.permission.REBOOT" />
36-->[telpoLib_v2.5.20230417.aar] AndroidManifest.xml:26:5-28:47
36-->[telpoLib_v2.5.20230417.aar] AndroidManifest.xml:27:9-49
37    <uses-permission android:name="android.permission.SHUTDOWN" />
37-->[telpoLib_v2.5.20230417.aar] AndroidManifest.xml:29:5-31:47
37-->[telpoLib_v2.5.20230417.aar] AndroidManifest.xml:30:9-51
38    <uses-permission android:name="android.permission.RECEIVE_BOOT_COMPLETED" />
38-->[telpoLib_v2.5.20230417.aar] AndroidManifest.xml:32:5-81
38-->[telpoLib_v2.5.20230417.aar] AndroidManifest.xml:32:22-78
39
40    <uses-feature
40-->[telpoLib_v2.5.20230417.aar] AndroidManifest.xml:34:5-36:36
41        android:name="android.hardware.usb.host"
41-->[telpoLib_v2.5.20230417.aar] AndroidManifest.xml:35:9-49
42        android:required="false" />
42-->[telpoLib_v2.5.20230417.aar] AndroidManifest.xml:36:9-33
43
44    <uses-permission android:name="android.permission.VIBRATE" />
44-->[:flutter_local_notifications] AndroidManifest.xml:10:5-66
44-->[:flutter_local_notifications] AndroidManifest.xml:10:22-63
45    <uses-permission android:name="android.permission.USE_FULL_SCREEN_INTENT" />
45-->[:flutter_local_notifications] AndroidManifest.xml:11:5-81
45-->[:flutter_local_notifications] AndroidManifest.xml:11:22-78
46    <uses-permission android:name="android.permission.SCHEDULE_EXACT_ALARM" />
46-->[:flutter_local_notifications] AndroidManifest.xml:12:5-79
46-->[:flutter_local_notifications] AndroidManifest.xml:12:22-76
47    <uses-permission android:name="android.permission.POST_NOTIFICATIONS" />
47-->[:flutter_local_notifications] AndroidManifest.xml:13:5-77
47-->[:flutter_local_notifications] AndroidManifest.xml:13:22-74
48    <uses-permission android:name="android.permission.WAKE_LOCK" />
48-->[androidx.work:work-runtime:2.7.0-rc01] AndroidManifest.xml:25:5-68
48-->[androidx.work:work-runtime:2.7.0-rc01] AndroidManifest.xml:25:22-65
49    <uses-permission android:name="android.permission.ACCESS_NETWORK_STATE" />
49-->[androidx.work:work-runtime:2.7.0-rc01] AndroidManifest.xml:26:5-79
49-->[androidx.work:work-runtime:2.7.0-rc01] AndroidManifest.xml:26:22-76
50    <uses-permission android:name="android.permission.FOREGROUND_SERVICE" />
50-->[androidx.work:work-runtime:2.7.0-rc01] AndroidManifest.xml:28:5-77
50-->[androidx.work:work-runtime:2.7.0-rc01] AndroidManifest.xml:28:22-74
51
52    <permission
52-->[androidx.core:core:1.10.1] AndroidManifest.xml:22:5-24:47
53        android:name="com.example.sabanzuri.DYNAMIC_RECEIVER_NOT_EXPORTED_PERMISSION"
53-->[androidx.core:core:1.10.1] AndroidManifest.xml:23:9-81
54        android:protectionLevel="signature" />
54-->[androidx.core:core:1.10.1] AndroidManifest.xml:24:9-44
55
56    <uses-permission android:name="com.example.sabanzuri.DYNAMIC_RECEIVER_NOT_EXPORTED_PERMISSION" />
56-->[androidx.core:core:1.10.1] AndroidManifest.xml:26:5-97
56-->[androidx.core:core:1.10.1] AndroidManifest.xml:26:22-94
57
58    <uses-feature
58-->[com.journeyapps:zxing-android-embedded:4.3.0] AndroidManifest.xml:28:5-30:36
59        android:name="android.hardware.camera.front"
59-->[com.journeyapps:zxing-android-embedded:4.3.0] AndroidManifest.xml:29:9-53
60        android:required="false" /> <!-- TODO replace above two with next line after Android 4.2 -->
60-->[com.journeyapps:zxing-android-embedded:4.3.0] AndroidManifest.xml:30:9-33
61    <!-- <uses-feature android:name="android.hardware.camera.any"/> -->
62    <uses-feature
62-->[com.journeyapps:zxing-android-embedded:4.3.0] AndroidManifest.xml:33:5-35:36
63        android:name="android.hardware.camera.autofocus"
63-->[com.journeyapps:zxing-android-embedded:4.3.0] AndroidManifest.xml:34:9-57
64        android:required="false" />
64-->[com.journeyapps:zxing-android-embedded:4.3.0] AndroidManifest.xml:35:9-33
65    <uses-feature
65-->[com.journeyapps:zxing-android-embedded:4.3.0] AndroidManifest.xml:36:5-38:36
66        android:name="android.hardware.camera.flash"
66-->[com.journeyapps:zxing-android-embedded:4.3.0] AndroidManifest.xml:37:9-53
67        android:required="false" />
67-->[com.journeyapps:zxing-android-embedded:4.3.0] AndroidManifest.xml:38:9-33
68    <uses-feature
68-->[com.journeyapps:zxing-android-embedded:4.3.0] AndroidManifest.xml:39:5-41:36
69        android:name="android.hardware.screen.landscape"
69-->[com.journeyapps:zxing-android-embedded:4.3.0] AndroidManifest.xml:40:9-57
70        android:required="false" />
70-->[com.journeyapps:zxing-android-embedded:4.3.0] AndroidManifest.xml:41:9-33
71    <uses-feature
71-->[com.journeyapps:zxing-android-embedded:4.3.0] AndroidManifest.xml:42:5-44:36
72        android:name="android.hardware.wifi"
72-->[com.journeyapps:zxing-android-embedded:4.3.0] AndroidManifest.xml:43:9-45
73        android:required="false" />
73-->[com.journeyapps:zxing-android-embedded:4.3.0] AndroidManifest.xml:44:9-33
74
75    <uses-permission android:name="com.google.android.finsky.permission.BIND_GET_INSTALL_REFERRER_SERVICE" />
75-->[com.android.installreferrer:installreferrer:1.0] AndroidManifest.xml:9:5-110
75-->[com.android.installreferrer:installreferrer:1.0] AndroidManifest.xml:9:22-107
76
77    <application
78        android:name="android.app.Application"
79        android:appComponentFactory="androidx.core.app.CoreComponentFactory"
79-->[androidx.core:core:1.10.1] AndroidManifest.xml:28:18-86
80        android:debuggable="true"
81        android:icon="@mipmap/infinity_icon"
82        android:label="Infiniti Lotto"
83        android:supportsRtl="true" >
83-->[com.facebook.android:facebook-share:5.15.3] AndroidManifest.xml:28:18-44
84        <meta-data
85            android:name="com.facebook.sdk.ApplicationId"
86            android:value="@string/facebook_app_id" />
87
88        <!--
89            <provider
90            android:name="com.facebook.FacebookContentProvider"
91            android:authorities="com.facebook.FacebookContentProvider[facebook_app_id]"
92            android:exported="false" />
93        -->
94        <activity
95            android:name="com.example.sabanzuri.MainActivity"
96            android:configChanges="orientation|keyboardHidden|keyboard|screenSize|smallestScreenSize|locale|layoutDirection|fontScale|screenLayout|density|uiMode"
97            android:exported="true"
98            android:hardwareAccelerated="true"
99            android:launchMode="singleTop"
100            android:screenOrientation="portrait"
101            android:theme="@style/LaunchTheme"
102            android:windowSoftInputMode="adjustResize" >
103
104            <!--
105                 Specifies an Android theme to apply to this Activity as soon as
106                 the Android process has started. This theme is visible to the user
107                 while the Flutter UI initializes. After that, this theme continues
108                 to determine the Window background behind the Flutter UI.
109            -->
110            <meta-data
111                android:name="io.flutter.embedding.android.NormalTheme"
112                android:resource="@style/NormalTheme" />
113
114            <intent-filter>
115                <action android:name="android.intent.action.MAIN" />
116
117                <category android:name="android.intent.category.LAUNCHER" />
118            </intent-filter>
119            <intent-filter>
120                <action android:name="android.intent.action.VIEW" />
120-->[:flutter_downloader] AndroidManifest.xml:12:13-65
120-->[:flutter_downloader] AndroidManifest.xml:12:21-62
121
122                <category android:name="android.intent.category.DEFAULT" />
122-->[com.facebook.android:facebook-common:5.15.3] AndroidManifest.xml:42:17-76
122-->[com.facebook.android:facebook-common:5.15.3] AndroidManifest.xml:42:27-73
123                <category android:name="android.intent.category.BROWSABLE" />
123-->[com.facebook.android:facebook-common:5.15.3] AndroidManifest.xml:43:17-78
123-->[com.facebook.android:facebook-common:5.15.3] AndroidManifest.xml:43:27-75
124
125                <data
125-->[com.facebook.android:facebook-common:5.15.3] AndroidManifest.xml:45:17-47:50
126                    android:host="kenya.lottoweaver.com"
126-->[com.facebook.android:facebook-common:5.15.3] AndroidManifest.xml:46:21-56
127                    android:scheme="https" />
127-->[com.facebook.android:facebook-common:5.15.3] AndroidManifest.xml:47:21-47
128            </intent-filter>
129        </activity>
130        <!--
131             Don't delete the meta-data below.
132             This is used by the Flutter tool to generate GeneratedPluginRegistrant.java
133        -->
134        <meta-data
135            android:name="flutterEmbedding"
136            android:value="2" />
137
138        <provider
139            android:name="vn.hunghd.flutterdownloader.DownloadedFileProvider"
140            android:authorities="com.example.sabanzuri.flutter_downloader.provider"
141            android:exported="false"
142            android:grantUriPermissions="true" >
143            <meta-data
143-->[:image_picker_android] AndroidManifest.xml:15:13-17:75
144                android:name="android.support.FILE_PROVIDER_PATHS"
144-->[:image_picker_android] AndroidManifest.xml:16:17-67
145                android:resource="@xml/provider_paths" />
145-->[:image_picker_android] AndroidManifest.xml:17:17-72
146        </provider>
147        <provider
147-->[:image_picker_android] AndroidManifest.xml:10:9-18:20
148            android:name="io.flutter.plugins.imagepicker.ImagePickerFileProvider"
148-->[:image_picker_android] AndroidManifest.xml:11:13-82
149            android:authorities="com.example.sabanzuri.flutter.image_provider"
149-->[:image_picker_android] AndroidManifest.xml:12:13-74
150            android:exported="false"
150-->[:image_picker_android] AndroidManifest.xml:13:13-37
151            android:grantUriPermissions="true" >
151-->[:image_picker_android] AndroidManifest.xml:14:13-47
152            <meta-data
152-->[:image_picker_android] AndroidManifest.xml:15:13-17:75
153                android:name="android.support.FILE_PROVIDER_PATHS"
153-->[:image_picker_android] AndroidManifest.xml:16:17-67
154                android:resource="@xml/flutter_image_picker_file_paths" />
154-->[:image_picker_android] AndroidManifest.xml:17:17-72
155        </provider>
156
157        <receiver
157-->[:flutter_local_notifications] AndroidManifest.xml:16:9-18:40
158            android:name="com.dexterous.flutterlocalnotifications.ScheduledNotificationReceiver"
158-->[:flutter_local_notifications] AndroidManifest.xml:17:13-97
159            android:exported="false" />
159-->[:flutter_local_notifications] AndroidManifest.xml:18:13-37
160        <receiver
160-->[:flutter_local_notifications] AndroidManifest.xml:19:9-28:20
161            android:name="com.dexterous.flutterlocalnotifications.ScheduledNotificationBootReceiver"
161-->[:flutter_local_notifications] AndroidManifest.xml:20:13-101
162            android:exported="false" >
162-->[:flutter_local_notifications] AndroidManifest.xml:21:13-37
163            <intent-filter>
163-->[:flutter_local_notifications] AndroidManifest.xml:22:13-27:29
164                <action android:name="android.intent.action.BOOT_COMPLETED" />
164-->[:flutter_local_notifications] AndroidManifest.xml:23:17-79
164-->[:flutter_local_notifications] AndroidManifest.xml:23:25-76
165                <action android:name="android.intent.action.MY_PACKAGE_REPLACED" />
165-->[:flutter_local_notifications] AndroidManifest.xml:24:17-84
165-->[:flutter_local_notifications] AndroidManifest.xml:24:25-81
166                <action android:name="android.intent.action.QUICKBOOT_POWERON" />
166-->[:flutter_local_notifications] AndroidManifest.xml:25:17-82
166-->[:flutter_local_notifications] AndroidManifest.xml:25:25-79
167                <action android:name="com.htc.intent.action.QUICKBOOT_POWERON" />
167-->[:flutter_local_notifications] AndroidManifest.xml:26:17-82
167-->[:flutter_local_notifications] AndroidManifest.xml:26:25-79
168            </intent-filter>
169        </receiver>
170
171        <activity
171-->[:url_launcher_android] AndroidManifest.xml:10:9-13:74
172            android:name="io.flutter.plugins.urllauncher.WebViewActivity"
172-->[:url_launcher_android] AndroidManifest.xml:11:13-74
173            android:exported="false"
173-->[:url_launcher_android] AndroidManifest.xml:12:13-37
174            android:theme="@android:style/Theme.NoTitleBar.Fullscreen" />
174-->[:url_launcher_android] AndroidManifest.xml:13:13-71
175
176        <provider
176-->[:flutter_share_me] AndroidManifest.xml:12:9-20:20
177            android:name="zhuoyuan.li.fluttershareme.util.ShareFileProvider"
177-->[:flutter_share_me] AndroidManifest.xml:13:13-77
178            android:authorities="com.example.sabanzuri.provider"
178-->[:flutter_share_me] AndroidManifest.xml:14:13-60
179            android:exported="false"
179-->[:flutter_share_me] AndroidManifest.xml:15:13-37
180            android:grantUriPermissions="true" >
180-->[:flutter_share_me] AndroidManifest.xml:16:13-47
181            <meta-data
181-->[:image_picker_android] AndroidManifest.xml:15:13-17:75
182                android:name="android.support.FILE_PROVIDER_PATHS"
182-->[:image_picker_android] AndroidManifest.xml:16:17-67
183                android:resource="@xml/file_paths" />
183-->[:image_picker_android] AndroidManifest.xml:17:17-72
184        </provider>
185        <!--
186           Declares a provider which allows us to store files to share in
187           '.../caches/share_plus' and grant the receiving action access
188        -->
189        <provider
189-->[:share_plus] AndroidManifest.xml:15:9-23:20
190            android:name="dev.fluttercommunity.plus.share.ShareFileProvider"
190-->[:share_plus] AndroidManifest.xml:16:13-77
191            android:authorities="com.example.sabanzuri.flutter.share_provider"
191-->[:share_plus] AndroidManifest.xml:17:13-74
192            android:exported="false"
192-->[:share_plus] AndroidManifest.xml:18:13-37
193            android:grantUriPermissions="true" >
193-->[:share_plus] AndroidManifest.xml:19:13-47
194            <meta-data
194-->[:image_picker_android] AndroidManifest.xml:15:13-17:75
195                android:name="android.support.FILE_PROVIDER_PATHS"
195-->[:image_picker_android] AndroidManifest.xml:16:17-67
196                android:resource="@xml/flutter_share_file_paths" />
196-->[:image_picker_android] AndroidManifest.xml:17:17-72
197        </provider>
198        <!--
199           This manifest declared broadcast receiver allows us to use an explicit
200           Intent when creating a PendingItent to be informed of the user's choice
201        -->
202        <receiver
202-->[:share_plus] AndroidManifest.xml:28:9-34:20
203            android:name="dev.fluttercommunity.plus.share.SharePlusPendingIntent"
203-->[:share_plus] AndroidManifest.xml:29:13-82
204            android:exported="false" >
204-->[:share_plus] AndroidManifest.xml:30:13-37
205            <intent-filter>
205-->[:share_plus] AndroidManifest.xml:31:13-33:29
206                <action android:name="EXTRA_CHOSEN_COMPONENT" />
206-->[:share_plus] AndroidManifest.xml:32:17-65
206-->[:share_plus] AndroidManifest.xml:32:25-62
207            </intent-filter>
208        </receiver>
209
210        <activity
210-->[com.karumi:dexter:6.2.0] AndroidManifest.xml:27:9-29:72
211            android:name="com.karumi.dexter.DexterActivity"
211-->[com.karumi:dexter:6.2.0] AndroidManifest.xml:28:13-60
212            android:theme="@style/Dexter.Internal.Theme.Transparent" />
212-->[com.karumi:dexter:6.2.0] AndroidManifest.xml:29:13-69
213        <activity
213-->[com.facebook.android:facebook-common:5.15.3] AndroidManifest.xml:30:9-33:66
214            android:name="com.facebook.FacebookActivity"
214-->[com.facebook.android:facebook-common:5.15.3] AndroidManifest.xml:31:13-57
215            android:configChanges="keyboard|keyboardHidden|screenLayout|screenSize|orientation"
215-->[com.facebook.android:facebook-common:5.15.3] AndroidManifest.xml:32:13-96
216            android:theme="@style/com_facebook_activity_theme" />
216-->[com.facebook.android:facebook-common:5.15.3] AndroidManifest.xml:33:13-63
217        <activity android:name="com.facebook.CustomTabMainActivity" />
217-->[com.facebook.android:facebook-common:5.15.3] AndroidManifest.xml:34:9-71
217-->[com.facebook.android:facebook-common:5.15.3] AndroidManifest.xml:34:19-68
218        <activity
218-->[com.facebook.android:facebook-common:5.15.3] AndroidManifest.xml:35:9-49:20
219            android:name="com.facebook.CustomTabActivity"
219-->[com.facebook.android:facebook-common:5.15.3] AndroidManifest.xml:36:13-58
220            android:exported="true" >
220-->[com.facebook.android:facebook-common:5.15.3] AndroidManifest.xml:37:13-36
221            <intent-filter>
221-->[com.facebook.android:facebook-common:5.15.3] AndroidManifest.xml:39:13-48:29
222                <action android:name="android.intent.action.VIEW" />
222-->[:flutter_downloader] AndroidManifest.xml:12:13-65
222-->[:flutter_downloader] AndroidManifest.xml:12:21-62
223
224                <category android:name="android.intent.category.DEFAULT" />
224-->[com.facebook.android:facebook-common:5.15.3] AndroidManifest.xml:42:17-76
224-->[com.facebook.android:facebook-common:5.15.3] AndroidManifest.xml:42:27-73
225                <category android:name="android.intent.category.BROWSABLE" />
225-->[com.facebook.android:facebook-common:5.15.3] AndroidManifest.xml:43:17-78
225-->[com.facebook.android:facebook-common:5.15.3] AndroidManifest.xml:43:27-75
226
227                <data
227-->[com.facebook.android:facebook-common:5.15.3] AndroidManifest.xml:45:17-47:50
228                    android:host="cct.com.example.sabanzuri"
228-->[com.facebook.android:facebook-common:5.15.3] AndroidManifest.xml:46:21-56
229                    android:scheme="fbconnect" />
229-->[com.facebook.android:facebook-common:5.15.3] AndroidManifest.xml:47:21-47
230            </intent-filter>
231        </activity>
232
233        <service
233-->[com.google.android.gms:play-services-mlkit-barcode-scanning:18.2.0] AndroidManifest.xml:9:9-15:19
234            android:name="com.google.mlkit.common.internal.MlKitComponentDiscoveryService"
234-->[com.google.android.gms:play-services-mlkit-barcode-scanning:18.2.0] AndroidManifest.xml:10:13-91
235            android:directBootAware="true"
235-->[com.google.mlkit:common:18.7.0] AndroidManifest.xml:17:13-43
236            android:exported="false" >
236-->[com.google.android.gms:play-services-mlkit-barcode-scanning:18.2.0] AndroidManifest.xml:11:13-37
237            <meta-data
237-->[com.google.android.gms:play-services-mlkit-barcode-scanning:18.2.0] AndroidManifest.xml:12:13-14:85
238                android:name="com.google.firebase.components:com.google.mlkit.vision.barcode.internal.BarcodeRegistrar"
238-->[com.google.android.gms:play-services-mlkit-barcode-scanning:18.2.0] AndroidManifest.xml:13:17-120
239                android:value="com.google.firebase.components.ComponentRegistrar" />
239-->[com.google.android.gms:play-services-mlkit-barcode-scanning:18.2.0] AndroidManifest.xml:14:17-82
240            <meta-data
240-->[com.google.mlkit:vision-common:17.3.0] AndroidManifest.xml:12:13-14:85
241                android:name="com.google.firebase.components:com.google.mlkit.vision.common.internal.VisionCommonRegistrar"
241-->[com.google.mlkit:vision-common:17.3.0] AndroidManifest.xml:13:17-124
242                android:value="com.google.firebase.components.ComponentRegistrar" />
242-->[com.google.mlkit:vision-common:17.3.0] AndroidManifest.xml:14:17-82
243            <meta-data
243-->[com.google.mlkit:common:18.7.0] AndroidManifest.xml:20:13-22:85
244                android:name="com.google.firebase.components:com.google.mlkit.common.internal.CommonComponentRegistrar"
244-->[com.google.mlkit:common:18.7.0] AndroidManifest.xml:21:17-120
245                android:value="com.google.firebase.components.ComponentRegistrar" />
245-->[com.google.mlkit:common:18.7.0] AndroidManifest.xml:22:17-82
246        </service>
247
248        <provider
248-->[com.google.mlkit:common:18.7.0] AndroidManifest.xml:9:9-13:38
249            android:name="com.google.mlkit.common.internal.MlKitInitProvider"
249-->[com.google.mlkit:common:18.7.0] AndroidManifest.xml:10:13-78
250            android:authorities="com.example.sabanzuri.mlkitinitprovider"
250-->[com.google.mlkit:common:18.7.0] AndroidManifest.xml:11:13-69
251            android:exported="false"
251-->[com.google.mlkit:common:18.7.0] AndroidManifest.xml:12:13-37
252            android:initOrder="99" />
252-->[com.google.mlkit:common:18.7.0] AndroidManifest.xml:13:13-35
253
254        <activity
254-->[com.google.android.gms:play-services-base:18.1.0] AndroidManifest.xml:20:9-22:45
255            android:name="com.google.android.gms.common.api.GoogleApiActivity"
255-->[com.google.android.gms:play-services-base:18.1.0] AndroidManifest.xml:20:19-85
256            android:exported="false"
256-->[com.google.android.gms:play-services-base:18.1.0] AndroidManifest.xml:22:19-43
257            android:theme="@android:style/Theme.Translucent.NoTitleBar" />
257-->[com.google.android.gms:play-services-base:18.1.0] AndroidManifest.xml:21:19-78
258
259        <meta-data
259-->[com.google.android.gms:play-services-basement:18.1.0] AndroidManifest.xml:21:9-23:69
260            android:name="com.google.android.gms.version"
260-->[com.google.android.gms:play-services-basement:18.1.0] AndroidManifest.xml:22:13-58
261            android:value="@integer/google_play_services_version" />
261-->[com.google.android.gms:play-services-basement:18.1.0] AndroidManifest.xml:23:13-66
262
263        <activity
263-->[com.twitter.sdk.android:tweet-ui:3.1.1] AndroidManifest.xml:28:9-31:49
264            android:name="com.twitter.sdk.android.tweetui.PlayerActivity"
264-->[com.twitter.sdk.android:tweet-ui:3.1.1] AndroidManifest.xml:29:13-74
265            android:configChanges="keyboardHidden|orientation|screenSize"
265-->[com.twitter.sdk.android:tweet-ui:3.1.1] AndroidManifest.xml:30:13-74
266            android:theme="@style/MediaTheme" />
266-->[com.twitter.sdk.android:tweet-ui:3.1.1] AndroidManifest.xml:31:13-46
267        <activity
267-->[com.twitter.sdk.android:tweet-ui:3.1.1] AndroidManifest.xml:32:9-34:49
268            android:name="com.twitter.sdk.android.tweetui.GalleryActivity"
268-->[com.twitter.sdk.android:tweet-ui:3.1.1] AndroidManifest.xml:33:13-75
269            android:theme="@style/MediaTheme" />
269-->[com.twitter.sdk.android:tweet-ui:3.1.1] AndroidManifest.xml:34:13-46
270
271        <provider
271-->[androidx.work:work-runtime:2.7.0-rc01] AndroidManifest.xml:31:9-39:20
272            android:name="androidx.startup.InitializationProvider"
272-->[androidx.work:work-runtime:2.7.0-rc01] AndroidManifest.xml:32:13-67
273            android:authorities="com.example.sabanzuri.androidx-startup"
273-->[androidx.work:work-runtime:2.7.0-rc01] AndroidManifest.xml:33:13-68
274            android:exported="false" >
274-->[androidx.work:work-runtime:2.7.0-rc01] AndroidManifest.xml:34:13-37
275            <meta-data
275-->[androidx.work:work-runtime:2.7.0-rc01] AndroidManifest.xml:36:13-38:52
276                android:name="androidx.work.WorkManagerInitializer"
276-->[androidx.work:work-runtime:2.7.0-rc01] AndroidManifest.xml:37:17-68
277                android:value="androidx.startup" />
277-->[androidx.work:work-runtime:2.7.0-rc01] AndroidManifest.xml:38:17-49
278            <meta-data
278-->[androidx.emoji2:emoji2:1.0.0] AndroidManifest.xml:31:13-33:52
279                android:name="androidx.emoji2.text.EmojiCompatInitializer"
279-->[androidx.emoji2:emoji2:1.0.0] AndroidManifest.xml:32:17-75
280                android:value="androidx.startup" />
280-->[androidx.emoji2:emoji2:1.0.0] AndroidManifest.xml:33:17-49
281            <meta-data
281-->[androidx.lifecycle:lifecycle-process:2.6.1] AndroidManifest.xml:29:13-31:52
282                android:name="androidx.lifecycle.ProcessLifecycleInitializer"
282-->[androidx.lifecycle:lifecycle-process:2.6.1] AndroidManifest.xml:30:17-78
283                android:value="androidx.startup" />
283-->[androidx.lifecycle:lifecycle-process:2.6.1] AndroidManifest.xml:31:17-49
284            <meta-data
284-->[androidx.profileinstaller:profileinstaller:1.3.0] AndroidManifest.xml:29:13-31:52
285                android:name="androidx.profileinstaller.ProfileInstallerInitializer"
285-->[androidx.profileinstaller:profileinstaller:1.3.0] AndroidManifest.xml:30:17-85
286                android:value="androidx.startup" />
286-->[androidx.profileinstaller:profileinstaller:1.3.0] AndroidManifest.xml:31:17-49
287        </provider>
288
289        <service
289-->[androidx.work:work-runtime:2.7.0-rc01] AndroidManifest.xml:41:9-46:35
290            android:name="androidx.work.impl.background.systemalarm.SystemAlarmService"
290-->[androidx.work:work-runtime:2.7.0-rc01] AndroidManifest.xml:42:13-88
291            android:directBootAware="false"
291-->[androidx.work:work-runtime:2.7.0-rc01] AndroidManifest.xml:43:13-44
292            android:enabled="@bool/enable_system_alarm_service_default"
292-->[androidx.work:work-runtime:2.7.0-rc01] AndroidManifest.xml:44:13-72
293            android:exported="false" />
293-->[androidx.work:work-runtime:2.7.0-rc01] AndroidManifest.xml:45:13-37
294        <service
294-->[androidx.work:work-runtime:2.7.0-rc01] AndroidManifest.xml:47:9-53:35
295            android:name="androidx.work.impl.background.systemjob.SystemJobService"
295-->[androidx.work:work-runtime:2.7.0-rc01] AndroidManifest.xml:48:13-84
296            android:directBootAware="false"
296-->[androidx.work:work-runtime:2.7.0-rc01] AndroidManifest.xml:49:13-44
297            android:enabled="@bool/enable_system_job_service_default"
297-->[androidx.work:work-runtime:2.7.0-rc01] AndroidManifest.xml:50:13-70
298            android:exported="true"
298-->[androidx.work:work-runtime:2.7.0-rc01] AndroidManifest.xml:51:13-36
299            android:permission="android.permission.BIND_JOB_SERVICE" />
299-->[androidx.work:work-runtime:2.7.0-rc01] AndroidManifest.xml:52:13-69
300        <service
300-->[androidx.work:work-runtime:2.7.0-rc01] AndroidManifest.xml:54:9-59:35
301            android:name="androidx.work.impl.foreground.SystemForegroundService"
301-->[androidx.work:work-runtime:2.7.0-rc01] AndroidManifest.xml:55:13-81
302            android:directBootAware="false"
302-->[androidx.work:work-runtime:2.7.0-rc01] AndroidManifest.xml:56:13-44
303            android:enabled="@bool/enable_system_foreground_service_default"
303-->[androidx.work:work-runtime:2.7.0-rc01] AndroidManifest.xml:57:13-77
304            android:exported="false" />